This is pdfTeX, Version 3.14159265-2.6-1.40.16 (TeX Live 2015/Debian) (preloaded format=pdflatex 2018.10.12)  5 JAN 2019 02:53
entering extended mode
 restricted \write18 enabled.
 %&-line parsing enabled.
**paper.tex
(./paper.tex
LaTeX2e <2016/02/01>
Babel <3.9q> and hyphenation patterns for 81 language(s) loaded.
(./llncs.cls
Document Class: llncs 2000/03/01 v2.7 
LaTeX document class for Lecture Notes in Computer Science
(/usr/share/texlive/texmf-dist/tex/latex/base/article.cls
Document Class: article 2014/09/29 v1.4h Standard LaTeX document class
(/usr/share/texlive/texmf-dist/tex/latex/base/size10.clo
File: size10.clo 2014/09/29 v1.4h Standard LaTeX file (size option)
)
\c@part=\count79
\c@section=\count80
\c@subsection=\count81
\c@subsubsection=\count82
\c@paragraph=\count83
\c@subparagraph=\count84
\c@figure=\count85
\c@table=\count86
\abovecaptionskip=\skip41
\belowcaptionskip=\skip42
\bibindent=\dimen102
)
(/usr/share/texlive/texmf-dist/tex/latex/tools/multicol.sty
Package: multicol 2015/08/19 v1.8n multicolumn formatting (FMi)
\c@tracingmulticols=\count87
\mult@box=\box26
\multicol@leftmargin=\dimen103
\c@unbalance=\count88
\c@collectmore=\count89
\doublecol@number=\count90
\multicoltolerance=\count91
\multicolpretolerance=\count92
\full@width=\dimen104
\page@free=\dimen105
\premulticols=\dimen106
\postmulticols=\dimen107
\multicolsep=\skip43
\multicolbaselineskip=\skip44
\partial@page=\box27
\last@line=\box28
\maxbalancingoverflow=\dimen108
\mult@rightbox=\box29
\mult@grightbox=\box30
\mult@gfirstbox=\box31
\mult@firstbox=\box32
\@tempa=\box33
\@tempa=\box34
\@tempa=\box35
\@tempa=\box36
\@tempa=\box37
\@tempa=\box38
\@tempa=\box39
\@tempa=\box40
\@tempa=\box41
\@tempa=\box42
\@tempa=\box43
\@tempa=\box44
\@tempa=\box45
\@tempa=\box46
\@tempa=\box47
\@tempa=\box48
\@tempa=\box49
\c@columnbadness=\count93
\c@finalcolumnbadness=\count94
\last@try=\dimen109
\multicolovershoot=\dimen110
\multicolundershoot=\dimen111
\mult@nat@firstbox=\box50
\colbreak@box=\box51
\mc@col@check@num=\count95
)
\c@chapter=\count96
LaTeX Font Info:    Redeclaring math symbol \Gamma on input line 197.
LaTeX Font Info:    Redeclaring math symbol \Delta on input line 198.
LaTeX Font Info:    Redeclaring math symbol \Theta on input line 199.
LaTeX Font Info:    Redeclaring math symbol \Lambda on input line 200.
LaTeX Font Info:    Redeclaring math symbol \Xi on input line 201.
LaTeX Font Info:    Redeclaring math symbol \Pi on input line 202.
LaTeX Font Info:    Redeclaring math symbol \Sigma on input line 203.
LaTeX Font Info:    Redeclaring math symbol \Upsilon on input line 204.
LaTeX Font Info:    Redeclaring math symbol \Phi on input line 205.
LaTeX Font Info:    Redeclaring math symbol \Psi on input line 206.
LaTeX Font Info:    Redeclaring math symbol \Omega on input line 207.
\tocchpnum=\dimen112
\tocsecnum=\dimen113
\tocsectotal=\dimen114
\tocsubsecnum=\dimen115
\tocsubsectotal=\dimen116
\tocsubsubsecnum=\dimen117
\tocsubsubsectotal=\dimen118
\tocparanum=\dimen119
\tocparatotal=\dimen120
\tocsubparanum=\dimen121
\@tempcntc=\count97
\fnindent=\dimen122
\c@@inst=\count98
\c@@auth=\count99
\c@auco=\count100
\instindent=\dimen123
\authrun=\box52
\authorrunning=\toks14
\tocauthor=\toks15
\titrun=\box53
\titlerunning=\toks16
\toctitle=\toks17
\c@theorem=\count101
\c@case=\count102
\c@conjecture=\count103
\c@corollary=\count104
\c@definition=\count105
\c@example=\count106
\c@exercise=\count107
\c@lemma=\count108
\c@note=\count109
\c@problem=\count110
\c@property=\count111
\c@proposition=\count112
\c@question=\count113
\c@solution=\count114
\c@remark=\count115
\headlineindent=\dimen124
)
(/usr/share/texlive/texmf-dist/tex/latex/amsfonts/amssymb.sty
Package: amssymb 2013/01/14 v3.01 AMS font symbols

(/usr/share/texlive/texmf-dist/tex/latex/amsfonts/amsfonts.sty
Package: amsfonts 2013/01/14 v3.01 Basic AMSFonts support
\@emptytoks=\toks18
\symAMSa=\mathgroup4
\symAMSb=\mathgroup5
LaTeX Font Info:    Overwriting math alphabet `\mathfrak' in version `bold'
(Font)                  U/euf/m/n --> U/euf/b/n on input line 106.
))
(/usr/share/texlive/texmf-dist/tex/latex/graphics/graphicx.sty
Package: graphicx 2014/10/28 v1.0g Enhanced LaTeX Graphics (DPC,SPQR)

(/usr/share/texlive/texmf-dist/tex/latex/graphics/keyval.sty
Package: keyval 2014/10/28 v1.15 key=value parser (DPC)
\KV@toks@=\toks19
)
(/usr/share/texlive/texmf-dist/tex/latex/graphics/graphics.sty
Package: graphics 2016/01/03 v1.0q Standard LaTeX Graphics (DPC,SPQR)

(/usr/share/texlive/texmf-dist/tex/latex/graphics/trig.sty
Package: trig 2016/01/03 v1.10 sin cos tan (DPC)
)
(/usr/share/texlive/texmf-dist/tex/latex/latexconfig/graphics.cfg
File: graphics.cfg 2010/04/23 v1.9 graphics configuration of TeX Live
)
Package graphics Info: Driver file: pdftex.def on input line 95.

(/usr/share/texlive/texmf-dist/tex/latex/pdftex-def/pdftex.def
File: pdftex.def 2011/05/27 v0.06d Graphics/color for pdfTeX

(/usr/share/texlive/texmf-dist/tex/generic/oberdiek/infwarerr.sty
Package: infwarerr 2010/04/08 v1.3 Providing info/warning/error messages (HO)
)
(/usr/share/texlive/texmf-dist/tex/generic/oberdiek/ltxcmds.sty
Package: ltxcmds 2011/11/09 v1.22 LaTeX kernel commands for general use (HO)
)
\Gread@gobject=\count116
))
\Gin@req@height=\dimen125
\Gin@req@width=\dimen126
)
(/usr/share/texlive/texmf-dist/tex/latex/url/url.sty
\Urlmuskip=\muskip10
Package: url 2013/09/16  ver 3.4  Verb mode for urls, etc.
)
(/usr/share/texlive/texmf-dist/tex/latex/float/float.sty
Package: float 2001/11/08 v1.3d Float enhancements (AL)
\c@float@type=\count117
\float@exts=\toks20
\float@box=\box54
\@float@everytoks=\toks21
\@floatcapt=\box55
)
(/usr/share/texlive/texmf-dist/tex/latex/pdfpages/pdfpages.sty
Package: pdfpages 2015/09/18 v0.5d Insert pages of external PDF documents (AM)

(/usr/share/texlive/texmf-dist/tex/latex/base/ifthen.sty
Package: ifthen 2014/09/29 v1.1c Standard LaTeX ifthen package (DPC)
)
(/usr/share/texlive/texmf-dist/tex/latex/tools/calc.sty
Package: calc 2014/10/28 v4.3 Infix arithmetic (KKT,FJ)
\calc@Acount=\count118
\calc@Bcount=\count119
\calc@Adimen=\dimen127
\calc@Bdimen=\dimen128
\calc@Askip=\skip45
\calc@Bskip=\skip46
LaTeX Info: Redefining \setlength on input line 80.
LaTeX Info: Redefining \addtolength on input line 81.
\calc@Ccount=\count120
\calc@Cskip=\skip47
)
(/usr/share/texlive/texmf-dist/tex/latex/eso-pic/eso-pic.sty
Package: eso-pic 2015/07/21 v2.0g eso-pic (RN)

(/usr/share/texlive/texmf-dist/tex/generic/oberdiek/atbegshi.sty
Package: atbegshi 2011/10/05 v1.16 At begin shipout hook (HO)

(/usr/share/texlive/texmf-dist/tex/generic/oberdiek/ifpdf.sty
Package: ifpdf 2011/01/30 v2.3 Provides the ifpdf switch (HO)
Package ifpdf Info: pdfTeX in PDF mode is detected.
))
(/usr/share/texlive/texmf-dist/tex/latex/xcolor/xcolor.sty
Package: xcolor 2007/01/21 v2.11 LaTeX color extensions (UK)

(/usr/share/texlive/texmf-dist/tex/latex/latexconfig/color.cfg
File: color.cfg 2007/01/18 v1.5 color configuration of teTeX/TeXLive
)
Package xcolor Info: Driver file: pdftex.def on input line 225.
Package xcolor Info: Model `cmy' substituted by `cmy0' on input line 1337.
Package xcolor Info: Model `hsb' substituted by `rgb' on input line 1341.
Package xcolor Info: Model `RGB' extended on input line 1353.
Package xcolor Info: Model `HTML' substituted by `rgb' on input line 1355.
Package xcolor Info: Model `Hsb' substituted by `hsb' on input line 1356.
Package xcolor Info: Model `tHsb' substituted by `hsb' on input line 1357.
Package xcolor Info: Model `HSB' substituted by `hsb' on input line 1358.
Package xcolor Info: Model `Gray' substituted by `gray' on input line 1359.
Package xcolor Info: Model `wave' substituted by `hsb' on input line 1360.
))
\AM@pagewidth=\dimen129
\AM@pageheight=\dimen130

(/usr/share/texlive/texmf-dist/tex/latex/pdfpages/pppdftex.def
File: pppdftex.def 2015/09/18 v0.5d Pdfpages driver for pdfTeX (AM)
)
\AM@pagebox=\box56
\AM@toc@title=\toks22
\c@AM@survey=\count121
\AM@templatesizebox=\box57
) (./paper.aux)
\openout1 = `paper.aux'.

LaTeX Font Info:    Checking defaults for OML/cmm/m/it on input line 34.
LaTeX Font Info:    ... okay on input line 34.
LaTeX Font Info:    Checking defaults for T1/cmr/m/n on input line 34.
LaTeX Font Info:    ... okay on input line 34.
LaTeX Font Info:    Checking defaults for OT1/cmr/m/n on input line 34.
LaTeX Font Info:    ... okay on input line 34.
LaTeX Font Info:    Checking defaults for OMS/cmsy/m/n on input line 34.
LaTeX Font Info:    ... okay on input line 34.
LaTeX Font Info:    Checking defaults for OMX/cmex/m/n on input line 34.
LaTeX Font Info:    ... okay on input line 34.
LaTeX Font Info:    Checking defaults for U/cmr/m/n on input line 34.
LaTeX Font Info:    ... okay on input line 34.

(/usr/share/texlive/texmf-dist/tex/context/base/supp-pdf.mkii
[Loading MPS to PDF converter (version 2006.09.02).]
\scratchcounter=\count122
\scratchdimen=\dimen131
\scratchbox=\box58
\nofMPsegments=\count123
\nofMParguments=\count124
\everyMPshowfont=\toks23
\MPscratchCnt=\count125
\MPscratchDim=\dimen132
\MPnumerator=\count126
\makeMPintoPDFobject=\count127
\everyMPtoPDFconversion=\toks24
) (/usr/share/texlive/texmf-dist/tex/generic/oberdiek/pdftexcmds.sty
Package: pdftexcmds 2011/11/29 v0.20 Utility functions of pdfTeX for LuaTeX (HO
)

(/usr/share/texlive/texmf-dist/tex/generic/oberdiek/ifluatex.sty
Package: ifluatex 2010/03/01 v1.3 Provides the ifluatex switch (HO)
Package ifluatex Info: LuaTeX not detected.
)
Package pdftexcmds Info: LuaTeX not detected.
Package pdftexcmds Info: \pdf@primitive is available.
Package pdftexcmds Info: \pdf@ifprimitive is available.
Package pdftexcmds Info: \pdfdraftmode found.
)
(/usr/share/texlive/texmf-dist/tex/latex/oberdiek/epstopdf-base.sty
Package: epstopdf-base 2010/02/09 v2.5 Base part for package epstopdf

(/usr/share/texlive/texmf-dist/tex/latex/oberdiek/grfext.sty
Package: grfext 2010/08/19 v1.1 Manage graphics extensions (HO)

(/usr/share/texlive/texmf-dist/tex/generic/oberdiek/kvdefinekeys.sty
Package: kvdefinekeys 2011/04/07 v1.3 Define keys (HO)
))
(/usr/share/texlive/texmf-dist/tex/latex/oberdiek/kvoptions.sty
Package: kvoptions 2011/06/30 v3.11 Key value format for package options (HO)

(/usr/share/texlive/texmf-dist/tex/generic/oberdiek/kvsetkeys.sty
Package: kvsetkeys 2012/04/25 v1.16 Key value parser (HO)

(/usr/share/texlive/texmf-dist/tex/generic/oberdiek/etexcmds.sty
Package: etexcmds 2011/02/16 v1.5 Avoid name clashes with e-TeX commands (HO)
Package etexcmds Info: Could not find \expanded.
(etexcmds)             That can mean that you are not using pdfTeX 1.50 or
(etexcmds)             that some package has redefined \expanded.
(etexcmds)             In the latter case, load this package earlier.
)))
Package grfext Info: Graphics extension search list:
(grfext)             [.png,.pdf,.jpg,.mps,.jpeg,.jbig2,.jb2,.PNG,.PDF,.JPG,.JPE
G,.JBIG2,.JB2,.eps]
(grfext)             \AppendGraphicsExtensions on input line 452.

(/usr/share/texlive/texmf-dist/tex/latex/latexconfig/epstopdf-sys.cfg
File: epstopdf-sys.cfg 2010/07/13 v1.3 Configuration of (r)epstopdf for TeX Liv
e
))
\AtBeginShipoutBox=\box59

(/usr/share/texlive/texmf-dist/tex/latex/oberdiek/pdflscape.sty
Package: pdflscape 2008/08/11 v0.10 Display of landscape pages in PDF (HO)

(/usr/share/texlive/texmf-dist/tex/latex/graphics/lscape.sty
Package: lscape 2000/10/22 v3.01 Landscape Pages (DPC)
)
Package pdflscape Info: Auto-detected driver: pdftex on input line 80.

(/usr/share/texlive/texmf-dist/tex/generic/ifxetex/ifxetex.sty
Package: ifxetex 2010/09/12 v0.6 Provides ifxetex conditional
))
LaTeX Font Info:    Try loading font information for U+msa on input line 70.

(/usr/share/texlive/texmf-dist/tex/latex/amsfonts/umsa.fd
File: umsa.fd 2013/01/14 v3.01 AMS symbols A
)
LaTeX Font Info:    Try loading font information for U+msb on input line 70.

(/usr/share/texlive/texmf-dist/tex/latex/amsfonts/umsb.fd
File: umsb.fd 2013/01/14 v3.01 AMS symbols B
) [1


{/var/lib/texmf/fonts/map/pdftex/updmap/pdftex.map}] [2]
Underfull \hbox (badness 10000) in paragraph at lines 108--109

 []


Underfull \hbox (badness 10000) in paragraph at lines 110--111

 []


Underfull \hbox (badness 10000) in paragraph at lines 112--113

 []


Underfull \hbox (badness 10000) in paragraph at lines 114--117

 []


Underfull \hbox (badness 10000) in paragraph at lines 118--119

 []

[3]
Underfull \hbox (badness 10000) in paragraph at lines 122--130

 []


Underfull \hbox (badness 10000) in paragraph at lines 122--130

 []


Underfull \hbox (badness 10000) in paragraph at lines 122--130

 []


Underfull \hbox (badness 10000) in paragraph at lines 122--130

 []

[4] <../services.jpg, id=21, 963.6pt x 796.9775pt>
File: ../services.jpg Graphic file (type jpg)
 <use ../services.jpg>
Package pdftex.def Info: ../services.jpg used on input line 140.
(pdftex.def)             Requested size: 385.43317pt x 318.78534pt.

Overfull \hbox (38.30963pt too wide) in paragraph at lines 140--141
 [][] 
 []

[5 <../services.jpg>] <../ontology.jpg, id=26, 963.6pt x 606.265pt>
File: ../ontology.jpg Graphic file (type jpg)

<use ../ontology.jpg>
Package pdftex.def Info: ../ontology.jpg used on input line 165.
(pdftex.def)             Requested size: 385.43317pt x 242.5017pt.

Overfull \hbox (38.30963pt too wide) in paragraph at lines 165--166
 [][] 
 []


Overfull \hbox (3.99184pt too wide) in paragraph at lines 172--173
[]\OT1/cmr/bx/n/10 Platform \OT1/cmr/m/n/10 is \OT1/cmtt/m/n/10 a multi-layer t
echnology that enables straightforward
 []


Overfull \hbox (26.87335pt too wide) in paragraph at lines 172--173
\OT1/cmtt/m/n/10 provisioning, management, and automation of connected devices 
within
 []


Overfull \hbox (32.1233pt too wide) in paragraph at lines 172--173
\OT1/cmtt/m/n/10 the Internet of Things universe. It basically connects your ha
rdware,
 []


Overfull \hbox (32.1233pt too wide) in paragraph at lines 172--173
\OT1/cmtt/m/n/10 however diverse, to the cloud by using flexible connectivity o
ptions,
 []


Overfull \hbox (0.62358pt too wide) in paragraph at lines 172--173
\OT1/cmtt/m/n/10 enterprise-grade security mechanisms, and broad data processin
g
 []

[6 <../ontology.jpg>]
Underfull \hbox (badness 10000) in paragraph at lines 190--191

 []

<../resource_graph.jpg, id=30, 2055.68pt x 1189.44376pt>
File: ../resource_graph.jpg Graphic file (type jpg)

<use ../resource_graph.jpg>
Package pdftex.def Info: ../resource_graph.jpg used on input line 194.
(pdftex.def)             Requested size: 411.12872pt x 237.88454pt.

Overfull \hbox (64.00519pt too wide) in paragraph at lines 194--195
 [][] 
 []


Underfull \vbox (badness 10000) has occurred while \output is active []

 [7]
Underfull \hbox (badness 10000) in paragraph at lines 198--199

 []


Overfull \hbox (37.60371pt too wide) in paragraph at lines 201--203
|  \OT1/cmr/m/n/10 has-Sub-S-mart-Con-text smart-con-text.um:SmartBuilding:Smar
tAirconditionSystem 
 []


Underfull \hbox (badness 10000) in paragraph at lines 201--203

 []


Overfull \hbox (12.70987pt too wide) in paragraph at lines 203--205
[]\OT1/cmr/m/n/10 smartcontext.um:SmartBuilding:SmartAirconditionSystem is a \O
T1/cmtt/m/n/10 Smart Context 
 []


Underfull \hbox (badness 10000) in paragraph at lines 203--205

 []


Overfull \hbox (15.4369pt too wide) in paragraph at lines 205--207
|  \OT1/cmr/m/n/10 has-Source urn:SmartBuilding:SmartAirconditionSystem:ServerT
emperature 
 []


Underfull \hbox (badness 10000) in paragraph at lines 205--207

 []


Overfull \hbox (45.74251pt too wide) in paragraph at lines 207--215
|  \OT1/cmr/m/n/10 has-Met-ric urn:SmartBuilding:SmartAirconditionSystem:Server
Temperature.metric 
 []


Underfull \hbox (badness 10000) in paragraph at lines 207--215

 []


Underfull \hbox (badness 10000) in paragraph at lines 215--223

 []

[8 <../resource_graph.jpg>]
Underfull \hbox (badness 10000) in paragraph at lines 230--231

 []


Underfull \hbox (badness 10000) in paragraph at lines 235--236

 []


Underfull \hbox (badness 10000) in paragraph at lines 238--239

 []


Underfull \hbox (badness 10000) in paragraph at lines 239--240

 []


Underfull \hbox (badness 10000) in paragraph at lines 240--241

 []


Underfull \hbox (badness 10000) in paragraph at lines 241--242

 []


Underfull \hbox (badness 10000) in paragraph at lines 242--243

 []

<../deployIoTPlatform.png, id=38, 794.97pt x 614.295pt>
File: ../deployIoTPlatform.png Graphic file (type png)

<use ../deployIoTPlatform.png>
Package pdftex.def Info: ../deployIoTPlatform.png used on input line 248.
(pdftex.def)             Requested size: 347.13136pt x 439.3207pt.

Underfull \hbox (badness 10000) in paragraph at lines 245--250

 []


Underfull \vbox (badness 2707) has occurred while \output is active []

 [9]
Underfull \hbox (badness 10000) in paragraph at lines 252--253

 []


Underfull \vbox (badness 10000) has occurred while \output is active []

 [10 <../deployIoTPlatform.png>]
Underfull \hbox (badness 10000) in paragraph at lines 255--256

 []

<../home-assistant.jpg, id=47, 1306.8825pt x 681.54625pt>
File: ../home-assistant.jpg Graphic file (type jpg)

<use ../home-assistant.jpg>
Package pdftex.def Info: ../home-assistant.jpg used on input line 259.
(pdftex.def)             Requested size: 392.06778pt x 204.46545pt.

Overfull \hbox (44.94424pt too wide) in paragraph at lines 259--260
 [][] 
 []

<../openhab.jpg, id=48, 1303.87125pt x 677.53125pt>
File: ../openhab.jpg Graphic file (type jpg)
 <use ../openhab.jpg>
Package pdftex.def Info: ../openhab.jpg used on input line 267.
(pdftex.def)             Requested size: 391.1644pt x 203.26094pt.

Overfull \hbox (44.04086pt too wide) in paragraph at lines 267--268
 [][] 
 []


Underfull \vbox (badness 10000) has occurred while \output is active []

 [11 <../home-assistant.jpg>] <../thingsboard.jpg, id=52, 1309.89375pt x 679.53
876pt>
File: ../thingsboard.jpg Graphic file (type jpg)

<use ../thingsboard.jpg>
Package pdftex.def Info: ../thingsboard.jpg used on input line 274.
(pdftex.def)             Requested size: 392.97116pt x 203.8632pt.

Overfull \hbox (45.84763pt too wide) in paragraph at lines 274--275
 [][] 
 []


Underfull \vbox (badness 10000) has occurred while \output is active []

 [12 <../openhab.jpg> <../thingsboard.jpg>]
<../monitor.jpg, id=56, 414.79968pt x 341.77687pt>
File: ../monitor.jpg Graphic file (type jpg)
 <use ../monitor.jpg>
Package pdftex.def Info: ../monitor.jpg used on input line 292.
(pdftex.def)             Requested size: 331.8402pt x 273.42186pt.

<../MonitoringApplication.jpg, id=57, 1321.93875pt x 903.375pt>
File: ../MonitoringApplication.jpg Graphic file (type jpg)

<use ../MonitoringApplication.jpg>
Package pdftex.def Info: ../MonitoringApplication.jpg used on input line 307.
(pdftex.def)             Requested size: 396.58469pt x 271.01459pt.

Overfull \hbox (49.46115pt too wide) in paragraph at lines 307--308
 [][] 
 []

[13 <../monitor.jpg>]
<../UI_monitor_application_1.jpg, id=62, 1296.845pt x 660.4675pt>
File: ../UI_monitor_application_1.jpg Graphic file (type jpg)

<use ../UI_monitor_application_1.jpg>
Package pdftex.def Info: ../UI_monitor_application_1.jpg used on input line 325
.
(pdftex.def)             Requested size: 389.0565pt x 198.14177pt.

Overfull \hbox (41.93297pt too wide) in paragraph at lines 325--326
 [][] 
 []


Underfull \vbox (badness 10000) has occurred while \output is active []

 [14 <../MonitoringApplication.jpg>]
<../UI_monitor_application_2.png, id=66, 1017.04968pt x 478.03593pt>
File: ../UI_monitor_application_2.png Graphic file (type png)

<use ../UI_monitor_application_2.png>
Package pdftex.def Info: ../UI_monitor_application_2.png used on input line 332
.
(pdftex.def)             Requested size: 406.81267pt x 191.21098pt.

Overfull \hbox (59.68913pt too wide) in paragraph at lines 332--333
 [][] 
 []


Underfull \vbox (badness 1755) has occurred while \output is active []

 [15 <../UI_monitor_application_1.jpg> <../UI_monitor_application_2.png>]
<../script_test.jpg, id=71, 583.42969pt x 481.8pt>
File: ../script_test.jpg Graphic file (type jpg)
 <use ../script_test.jpg>
Package pdftex.def Info: ../script_test.jpg used on input line 350.
(pdftex.def)             Requested size: 350.0605pt x 289.08221pt.

Overfull \hbox (2.93697pt too wide) in paragraph at lines 350--351
 [][] 
 []

<../response_IoTPlatform.jpg, id=72, 682.55pt x 555.07375pt>
File: ../response_IoTPlatform.jpg Graphic file (type jpg)

<use ../response_IoTPlatform.jpg>
Package pdftex.def Info: ../response_IoTPlatform.jpg used on input line 357.
(pdftex.def)             Requested size: 341.27417pt x 277.53618pt.

Underfull \vbox (badness 5475) has occurred while \output is active []

 [16 <../script_test.jpg>] <../update_data.jpg, id=76, 1558.82375pt x 555.07375
pt>
File: ../update_data.jpg Graphic file (type jpg)

<use ../update_data.jpg>
Package pdftex.def Info: ../update_data.jpg used on input line 364.
(pdftex.def)             Requested size: 381.83191pt x 329.48952pt.

Overfull \hbox (34.70837pt too wide) in paragraph at lines 364--365
 [][] 
 []


Underfull \vbox (badness 10000) has occurred while \output is active []

 [17 <../response_IoTPlatform.jpg>] <../get_states.jpg, id=80, 1296.845pt x 587
.19376pt>
File: ../get_states.jpg Graphic file (type jpg)

<use ../get_states.jpg>
Package pdftex.def Info: ../get_states.jpg used on input line 371.
(pdftex.def)             Requested size: 381.8338pt x 329.48033pt.

Overfull \hbox (34.71027pt too wide) in paragraph at lines 371--372
 [][] 
 []


Underfull \vbox (badness 10000) has occurred while \output is active []

 [18 <../update_data.jpg>] <../bang_1.pdf, id=84, page=1, 598.235pt x 846.16125
pt>
File: ../bang_1.pdf Graphic file (type pdf)

<use ../bang_1.pdf, page 1>
Package pdftex.def Info: ../bang_1.pdf, page1 used on input line 400.
(pdftex.def)             Requested size: 416.55258pt x 768.82011pt.

Overfull \hbox (69.42905pt too wide) in paragraph at lines 400--401
 [][] 
 []

[19 <../get_states.jpg>]
Overfull \vbox (242.43184pt too high) has occurred while \output is active []


[20 <../bang_1.pdf>] <../bang_1.pdf, id=104, page=2, 598.235pt x 846.16125pt>
File: ../bang_1.pdf Graphic file (type pdf)

<use ../bang_1.pdf, page 2>
Package pdftex.def Info: ../bang_1.pdf, page2 used on input line 406.
(pdftex.def)             Requested size: 416.55258pt x 768.82011pt.

Overfull \hbox (69.42905pt too wide) in paragraph at lines 406--407
 [][] 
 []


Overfull \vbox (242.43184pt too high) has occurred while \output is active []


[21 <../bang_1.pdf>] <../bang_1.pdf, id=115, page=3, 598.235pt x 846.16125pt>
File: ../bang_1.pdf Graphic file (type pdf)

<use ../bang_1.pdf, page 3>
Package pdftex.def Info: ../bang_1.pdf, page3 used on input line 412.
(pdftex.def)             Requested size: 416.55258pt x 768.82011pt.

Overfull \hbox (69.42905pt too wide) in paragraph at lines 412--413
 [][] 
 []


Overfull \vbox (242.43184pt too high) has occurred while \output is active []


[22 <../bang_1.pdf>] <../time-api.png, id=131, 698.1282pt x 316.5426pt>
File: ../time-api.png Graphic file (type png)

<use ../time-api.png>
Package pdftex.def Info: ../time-api.png used on input line 421.
(pdftex.def)             Requested size: 381.83054pt x 329.496pt.

Overfull \hbox (34.707pt too wide) in paragraph at lines 421--422
 [][] 
 []

[23 <../time-api.png>]
<../bang_2.pdf, id=137, page=1, 598.235pt x 846.16125pt>
File: ../bang_2.pdf Graphic file (type pdf)

<use ../bang_2.pdf, page 1>
Package pdftex.def Info: ../bang_2.pdf, page1 used on input line 455.
(pdftex.def)             Requested size: 416.55258pt x 768.82011pt.

Overfull \hbox (69.42905pt too wide) in paragraph at lines 455--456
 [][] 
 []


Underfull \vbox (badness 10000) has occurred while \output is active []

 [24]
Overfull \vbox (242.43184pt too high) has occurred while \output is active []


[25 <../bang_2.pdf>] <../bang_2.pdf, id=157, page=2, 598.235pt x 846.16125pt>
File: ../bang_2.pdf Graphic file (type pdf)

<use ../bang_2.pdf, page 2>
Package pdftex.def Info: ../bang_2.pdf, page2 used on input line 461.
(pdftex.def)             Requested size: 416.55258pt x 768.82011pt.

Overfull \hbox (69.42905pt too wide) in paragraph at lines 461--462
 [][] 
 []


Overfull \vbox (242.43184pt too high) has occurred while \output is active []


[26 <../bang_2.pdf>] <../bang_2.pdf, id=168, page=3, 598.235pt x 846.16125pt>
File: ../bang_2.pdf Graphic file (type pdf)

<use ../bang_2.pdf, page 3>
Package pdftex.def Info: ../bang_2.pdf, page3 used on input line 467.
(pdftex.def)             Requested size: 416.55258pt x 768.82011pt.

Overfull \hbox (69.42905pt too wide) in paragraph at lines 467--468
 [][] 
 []


Overfull \vbox (242.43184pt too high) has occurred while \output is active []


[27 <../bang_2.pdf>]
<../time_service_source.png, id=184, 672.111pt x 315.0972pt>
File: ../time_service_source.png Graphic file (type png)

<use ../time_service_source.png>
Package pdftex.def Info: ../time_service_source.png used on input line 476.
(pdftex.def)             Requested size: 381.84581pt x 329.48672pt.

Overfull \hbox (34.72227pt too wide) in paragraph at lines 476--477
 [][] 
 []

<../bang_3.pdf, id=185, page=1, 598.235pt x 846.16125pt>
File: ../bang_3.pdf Graphic file (type pdf)

<use ../bang_3.pdf, page 1>
Package pdftex.def Info: ../bang_3.pdf, page1 used on input line 494.
(pdftex.def)             Requested size: 416.55258pt x 768.82011pt.

Overfull \hbox (69.42905pt too wide) in paragraph at lines 494--495
 [][] 
 []

[28 <../time_service_source.png>]
Overfull \vbox (242.43184pt too high) has occurred while \output is active []


[29 <../bang_3.pdf>] <../bang_3.pdf, id=206, page=2, 598.235pt x 846.16125pt>
File: ../bang_3.pdf Graphic file (type pdf)

<use ../bang_3.pdf, page 2>
Package pdftex.def Info: ../bang_3.pdf, page2 used on input line 500.
(pdftex.def)             Requested size: 416.55258pt x 768.82011pt.

Overfull \hbox (69.42905pt too wide) in paragraph at lines 500--501
 [][] 
 []


Overfull \vbox (242.43184pt too high) has occurred while \output is active []


[30 <../bang_3.pdf>] <../bang_3.pdf, id=217, page=3, 598.235pt x 846.16125pt>
File: ../bang_3.pdf Graphic file (type pdf)

<use ../bang_3.pdf, page 3>
Package pdftex.def Info: ../bang_3.pdf, page3 used on input line 506.
(pdftex.def)             Requested size: 416.55258pt x 768.82011pt.

Overfull \hbox (69.42905pt too wide) in paragraph at lines 506--507
 [][] 
 []


Overfull \vbox (242.43184pt too high) has occurred while \output is active []


[31 <../bang_3.pdf>]
<../time_service_time.png, id=234, 676.4472pt x 315.0972pt>
File: ../time_service_time.png Graphic file (type png)

<use ../time_service_time.png>
Package pdftex.def Info: ../time_service_time.png used on input line 515.
(pdftex.def)             Requested size: 381.84244pt x 329.48672pt.

Overfull \hbox (34.7189pt too wide) in paragraph at lines 515--516
 [][] 
 []

[32 <../time_service_time.png>]
Underfull \hbox (badness 10000) in paragraph at lines 544--545

 []


Underfull \hbox (badness 10000) in paragraph at lines 546--547
[]\OT1/cmr/m/n/9 https://www.cmo.com/features/articles/2015/4/13/mind-blowing-s
tats-internet-
 []


Underfull \hbox (badness 10000) in paragraph at lines 546--547

 []

Missing character: There is no ‚ in font cmr9!
Missing character: There is no Ä in font cmr9!
Missing character: There is no î in font cmr9!

Underfull \hbox (badness 10000) in paragraph at lines 552--553
[]\OT1/cmr/m/n/9 "IEEE-SA - In-ter-net of Things Re-lated Stan-dards."
 []

Missing character: There is no ‚ in font cmr9!
Missing character: There is no Ä in font cmr9!
Missing character: There is no ú in font cmr9!
Missing character: There is no ‚ in font cmr9!
Missing character: There is no Ä in font cmr9!
Missing character: There is no ù in font cmr9!
Missing character: There is no ‚ in font cmr9!
Missing character: There is no Ä in font cmr9!
Missing character: There is no ì in font cmr9!
Missing character: There is no ‚ in font cmr9!
Missing character: There is no Ä in font cmr9!
Missing character: There is no ú in font cmr9!
Missing character: There is no ‚ in font cmr9!
Missing character: There is no Ä in font cmr9!
Missing character: There is no ù in font cmr9!

Underfull \hbox (badness 10000) in paragraph at lines 556--557
[]\OT1/cmr/m/n/9 IEEE-SA - In-ter-net of Things Re-lated Stan-dards. [On-line].

 []

[33] (./paper.aux) ) 
Here is how much of TeX's memory you used:
 3719 strings out of 493029
 51883 string characters out of 6136233
 123640 words of memory out of 5000000
 7169 multiletter control sequences out of 15000+600000
 10602 words of font info for 42 fonts, out of 8000000 for 9000
 1141 hyphenation exceptions out of 8191
 38i,7n,39p,960b,339s stack positions out of 5000i,500n,10000p,200000b,80000s
</usr/share/texlive/texmf-dist/fonts/type1/public/amsfonts/
cm/cmbx10.pfb></usr/share/texlive/texmf-dist/fonts/type1/public/amsfonts/cm/cmb
x12.pfb></usr/share/texlive/texmf-dist/fonts/type1/public/amsfonts/cm/cmbx9.pfb
></usr/share/texlive/texmf-dist/fonts/type1/public/amsfonts/cm/cmr10.pfb></usr/
share/texlive/texmf-dist/fonts/type1/public/amsfonts/cm/cmr9.pfb></usr/share/te
xlive/texmf-dist/fonts/type1/public/amsfonts/cm/cmsy10.pfb></usr/share/texlive/
texmf-dist/fonts/type1/public/amsfonts/cm/cmtt10.pfb></usr/share/texlive/texmf-
dist/fonts/type1/public/amsfonts/cm/cmtt9.pfb>
Output written on paper.pdf (33 pages, 4812246 bytes).
PDF statistics:
 269 PDF objects out of 1000 (max. 8388607)
 162 compressed objects within 2 object streams
 0 named destinations out of 1000 (max. 500000)
 136 words of extra memory for PDF output out of 10000 (max. 10000000)

